
Showing logs for build [32mcb-kubecd-environment-pr-192-45-l2qsl-1[0m stage [32mfrom-build-pack[0m and container [32mstep-credential-initializer-995h6[0m
{"level":"warn","ts":1585745694.8427565,"logger":"fallback-logger","caller":"logging/config.go:69","msg":"Fetch GitHub commit ID from kodata failed: \"ref: refs/heads/0.8.0-**-support-backwards-incompats\" is not a valid GitHub commit ID"}
{"level":"info","ts":1585745694.8432736,"logger":"fallback-logger","caller":"creds-init/main.go:40","msg":"Credentials initialized."}

Showing logs for build [32mcb-kubecd-environment-pr-192-45-l2qsl-1[0m stage [32mfrom-build-pack[0m and container [32mstep-working-dir-initializer-h2b77[0m
{"level":"warn","ts":1585745695.2199388,"logger":"fallback-logger","caller":"logging/config.go:69","msg":"Fetch GitHub commit ID from kodata failed: open /var/run/ko/HEAD: no such file or directory"}
{"level":"info","ts":1585745695.2230978,"logger":"fallback-logger","caller":"bash/main.go:64","msg":"Successfully executed command \"sh -c mkdir -p /workspace/source\"; output "}

Showing logs for build [32mcb-kubecd-environment-pr-192-45-l2qsl-1[0m stage [32mfrom-build-pack[0m and container [32mstep-place-tools[0m

Showing logs for build [32mcb-kubecd-environment-pr-192-45-l2qsl-1[0m stage [32mfrom-build-pack[0m and container [32mstep-git-source-cb-kubecd-environment-pr-192-45-l2qsl-5j545[0m
{"level":"warn","ts":1585745698.3887599,"logger":"fallback-logger","caller":"logging/config.go:69","msg":"Fetch GitHub commit ID from kodata failed: \"ref: refs/heads/0.8.0-**-support-backwards-incompats\" is not a valid GitHub commit ID"}
{"level":"info","ts":1585745699.4317555,"logger":"fallback-logger","caller":"git/git.go:103","msg":"Successfully cloned https://github.com/cb-kubecd/environment-pr-192-45-boot-gke-staging.git @ master in path /workspace/source"}

Showing logs for build [32mcb-kubecd-environment-pr-192-45-l2qsl-1[0m stage [32mfrom-build-pack[0m and container [32mstep-git-merge[0m
Using SHAs from PULL_REFS=master:1193bd95e0b4175e6c26351d48c0117d169befa8,2:f3eba4fec4ba858888d841b353ff07f7548a1634
DEBUG: LC_ALL=C JX_LOG_LEVEL=error git fetch origin --unshallow f3eba4fec4ba858888d841b353ff07f7548a1634: 1193bd95e0b4175e6c26351d48c0117d169befa8:
DEBUG: ran git fetch --unshallow origin f3eba4fec4ba858888d841b353ff07f7548a1634: 1193bd95e0b4175e6c26351d48c0117d169befa8: in 
DEBUG: LC_ALL=C JX_LOG_LEVEL=error git branch
DEBUG: LC_ALL=C JX_LOG_LEVEL=error git checkout master
DEBUG: ran git checkout master in 
DEBUG: LC_ALL=C JX_LOG_LEVEL=error git reset --hard 1193bd95e0b4175e6c26351d48c0117d169befa8
DEBUG: ran git reset --hard 1193bd95e0b4175e6c26351d48c0117d169befa8 in 
DEBUG: LC_ALL=C JX_LOG_LEVEL=error git clean -fd .
DEBUG: ran clean --force -d . in 
DEBUG: LC_ALL=C JX_LOG_LEVEL=error git merge f3eba4fec4ba858888d841b353ff07f7548a1634
DEBUG: ran git merge f3eba4fec4ba858888d841b353ff07f7548a1634 in 
DEBUG: LC_ALL=C JX_LOG_LEVEL=error git log --format=%H%x1f%an%x1f%ae%x1f%cn%x1f%ce%x1f%s%n%b%x1e 1193bd95e0b4175e6c26351d48c0117d169befa8..HEAD
Merged SHA f3eba4fec4ba858888d841b353ff07f7548a1634 with commit message 'chore: Promote bdd-sbhg-1585745255 to version 0.0.1' into base branch master

Showing logs for build [32mcb-kubecd-environment-pr-192-45-l2qsl-1[0m stage [32mfrom-build-pack[0m and container [32mstep-build-helm-build[0m
WARNING: No $CHART_REPOSITORY defined so using the default value of: http://jenkins-x-chartmuseum:8080
Adding missing Helm repo: storage.googleapis.com https://storage.googleapis.com/chartmuseum.jenkins-x.io
WARNING: No secrets found on "helm/repos" due: reading the secret "helm/repos" from vault: no secret "helm/repos" not found in vault
Read credentials for https://storage.googleapis.com/chartmuseum.jenkins-x.io from vault helm/repos
Successfully added Helm repository storage.googleapis.com.
Adding missing Helm repo: jenkins-x-chartmuseum http://jenkins-x-chartmuseum:8080
WARNING: No secrets found on "helm/repos" due: reading the secret "helm/repos" from vault: no secret "helm/repos" not found in vault
Read credentials for http://jenkins-x-chartmuseum:8080 from vault helm/repos
Successfully added Helm repository jenkins-x-chartmuseum.
WARNING: No $CHART_REPOSITORY defined so using the default value of: http://jenkins-x-chartmuseum:8080
Adding missing Helm repo: chartmuseum.jenkins-x.io http://chartmuseum.jenkins-x.io
WARNING: No secrets found on "helm/repos" due: reading the secret "helm/repos" from vault: no secret "helm/repos" not found in vault
Read credentials for http://chartmuseum.jenkins-x.io from vault helm/repos
Successfully added Helm repository chartmuseum.jenkins-x.io.
